[2026-03-08 23:24:33] === Démarrage OptiGest Pro v3 ===
[2026-03-08 23:24:33] DB initialisée
[2026-03-08 23:24:33] LoginWindow créée
[2026-03-08 23:24:33] Licence : ok=False  reason=Aucune licence activée
[2026-03-08 23:31:21] mainloop terminé
[2026-03-08 23:37:33] === Démarrage OptiGest Pro v3 ===
[2026-03-08 23:37:33] DB initialisée
[2026-03-08 23:37:34] LoginWindow créée
[2026-03-08 23:37:34] Licence : ok=True  reason=2027-03-08
[2026-03-08 23:40:18] === Démarrage OptiGest Pro v3 ===
[2026-03-08 23:40:18] DB initialisée
[2026-03-08 23:40:18] LoginWindow créée
[2026-03-08 23:40:18] Licence : ok=True  reason=2027-03-08
[2026-03-08 23:42:40] === Démarrage OptiGest Pro v3 ===
[2026-03-08 23:42:40] DB initialisée
[2026-03-08 23:42:40] LoginWindow créée
[2026-03-08 23:42:40] Licence : ok=True  reason=2027-03-08
[2026-03-08 23:45:38] mainloop terminé
[2026-03-08 23:47:48] === Démarrage OptiGest Pro v3 ===
[2026-03-08 23:47:48] DB initialisée
[2026-03-08 23:47:49] LoginWindow créée
[2026-03-08 23:47:49] Licence : ok=False  reason=Aucune licence activée
[2026-03-08 23:59:13] mainloop terminé
[2026-03-08 23:59:20] === Démarrage OptiGest Pro v3 ===
[2026-03-08 23:59:20] DB initialisée
[2026-03-08 23:59:20] LoginWindow créée
[2026-03-08 23:59:20] Licence : ok=True  reason=2027-03-08
[2026-03-09 00:01:19] mainloop terminé
[2026-03-09 00:01:42] === Démarrage OptiGest Pro v3 ===
[2026-03-09 00:01:42] DB initialisée
[2026-03-09 00:01:43] LoginWindow créée
[2026-03-09 00:01:43] Licence : ok=True  reason=2027-03-08
[2026-03-09 00:05:15] === Démarrage OptiGest Pro v3 ===
[2026-03-09 00:05:15] DB initialisée
[2026-03-09 00:05:16] LoginWindow créée
[2026-03-09 00:05:16] Licence : ok=True  reason=2027-03-08
[2026-03-09 00:09:13] === Démarrage OptiGest Pro v3 ===
[2026-03-09 00:09:13] DB initialisée
[2026-03-09 00:09:13] LoginWindow créée
[2026-03-09 00:09:13] Licence : ok=True  reason=2027-03-08
[2026-03-09 00:12:06] === Démarrage OptiGest Pro v3 ===
[2026-03-09 00:12:06] DB initialisée
[2026-03-09 00:12:06] LoginWindow créée
[2026-03-09 00:12:06] Licence : ok=True  reason=2027-03-08
[2026-03-09 00:15:49] === Démarrage OptiGest Pro v3 ===
[2026-03-09 00:15:49] DB initialisée
[2026-03-09 00:15:49] LoginWindow créée
[2026-03-09 00:15:49] Licence : ok=True  reason=2027-03-08
[2026-03-09 00:20:52] mainloop terminé
[2026-03-09 00:37:42] === Démarrage OptiGest Pro v3 ===
[2026-03-09 00:37:42] DB initialisée
[2026-03-09 00:37:42] LoginWindow créée
[2026-03-09 00:37:42] Licence : ok=True  reason=2027-03-08
[2026-03-09 00:37:46] mainloop terminé
[2026-03-09 11:10:12] === Démarrage OptiGest Pro v3 ===
[2026-03-09 11:10:12] DB initialisée
[2026-03-09 11:10:12] LoginWindow créée
[2026-03-09 11:10:13] Licence : ok=True  reason=2027-03-08
[2026-03-09 11:39:49] mainloop terminé
[2026-03-09 11:55:46] === Démarrage OptiGest Pro v3 ===
[2026-03-09 11:55:46] DB initialisée
[2026-03-09 11:55:47] LoginWindow créée
[2026-03-09 11:55:47] Licence : ok=True  reason=2027-03-08
[2026-03-09 11:57:20] mainloop terminé
[2026-03-09 11:58:05] === Démarrage OptiGest Pro v3 ===
[2026-03-09 11:58:05] DB initialisée
[2026-03-09 11:58:06] LoginWindow créée
[2026-03-09 11:58:06] Licence : ok=True  reason=2027-03-08
[2026-03-09 12:02:07] === Démarrage OptiGest Pro v3 ===
[2026-03-09 12:02:07] DB initialisée
[2026-03-09 12:02:07] LoginWindow créée
[2026-03-09 12:02:07] Licence : ok=True  reason=2027-03-08
[2026-03-09 12:02:53] mainloop terminé
[2026-03-09 15:55:18] === Démarrage OptiGest Pro v3 ===
[2026-03-09 15:55:18] DB initialisée
[2026-03-09 15:55:20] LoginWindow créée
[2026-03-09 15:55:20] Licence : ok=True  reason=2027-03-08
[2026-03-09 15:55:23] mainloop terminé
[2026-03-09 16:05:19] === Démarrage OptiGest Pro v3 ===
[2026-03-09 16:05:19] DB initialisée
[2026-03-09 16:05:19] LoginWindow créée
[2026-03-09 16:05:19] Licence : ok=True  reason=2027-03-08
[2026-03-09 16:05:21] mainloop terminé
